# JRE version: OpenJDK Runtime Environment (17.0.6) (build 17.0.6+0-b2043.56-10027231)
# Java VM: OpenJDK 64-Bit Server VM (17.0.6+0-b2043.56-10027231, mixed mode, tiered, compressed oops, compressed class ptrs, g1 gc, windows-amd64)
GC Precious Log:
 CPUs: 8 total, 8 available
 Memory: 6091M
 Large Page Support: Disabled
 NUMA Support: Disabled
 Compressed Oops: Enabled (32-bit)
 Heap Region Size: 1M
 Heap Min Capacity: 8M
 Heap Initial Capacity: 96M
 Heap Max Capacity: 2G
 Pre-touch: Disabled
 Parallel Workers: 8
 Concurrent Workers: 2
 Concurrent Refinement Workers: 8
 Periodic GC: Disabled
Heap:
 garbage-first heap   total 331776K, used 107086K [0x0000000080000000, 0x0000000100000000)
  region size 1024K, 12 young (12288K), 5 survivors (5120K)
 Metaspace       used 133342K, committed 134080K, reserved 1171456K
  class space    used 17993K, committed 18368K, reserved 1048576K
GC Heap History (20 events):
Event: 52.154 GC heap before
{Heap before GC invocations=49 (full 0):
 garbage-first heap   total 214016K, used 132502K [0x0000000080000000, 0x0000000100000000)
  region size 1024K, 10 young (10240K), 2 survivors (2048K)
 Metaspace       used 107213K, committed 107840K, reserved 1146880K
  class space    used 14445K, committed 14720K, reserved 1048576K
}
Event: 52.160 GC heap after
{Heap after GC invocations=50 (full 0):
 garbage-first heap   total 214016K, used 125726K [0x0000000080000000, 0x0000000100000000)
  region size 1024K, 1 young (1024K), 1 survivors (1024K)
 Metaspace       used 107213K, committed 107840K, reserved 1146880K
  class space    used 14445K, committed 14720K, reserved 1048576K
}
Event: 52.977 GC heap before
{Heap before GC invocations=50 (full 0):
 garbage-first heap   total 214016K, used 152350K [0x0000000080000000, 0x0000000100000000)
  region size 1024K, 28 young (28672K), 1 survivors (1024K)
 Metaspace       used 107934K, committed 108608K, reserved 1146880K
  class space    used 14521K, committed 14848K, reserved 1048576K
}
Event: 52.984 GC heap after
{Heap after GC invocations=51 (full 0):
 garbage-first heap   total 214016K, used 127417K [0x0000000080000000, 0x0000000100000000)
  region size 1024K, 3 young (3072K), 3 survivors (3072K)
 Metaspace       used 107934K, committed 108608K, reserved 1146880K
  class space    used 14521K, committed 14848K, reserved 1048576K
}
Event: 53.526 GC heap before
{Heap before GC invocations=51 (full 0):
 garbage-first heap   total 214016K, used 157113K [0x0000000080000000, 0x0000000100000000)
  region size 1024K, 33 young (33792K), 3 survivors (3072K)
 Metaspace       used 108035K, committed 108672K, reserved 1146880K
  class space    used 14533K, committed 14848K, reserved 1048576K
}
Event: 53.537 GC heap after
{Heap after GC invocations=52 (full 0):
 garbage-first heap   total 214016K, used 130079K [0x0000000080000000, 0x0000000100000000)
  region size 1024K, 5 young (5120K), 5 survivors (5120K)
 Metaspace       used 108035K, committed 108672K, reserved 1146880K
  class space    used 14533K, committed 14848K, reserved 1048576K
}
Event: 54.318 GC heap before
{Heap before GC invocations=52 (full 0):
 garbage-first heap   total 214016K, used 161823K [0x0000000080000000, 0x0000000100000000)
  region size 1024K, 37 young (37888K), 5 survivors (5120K)
 Metaspace       used 108468K, committed 109120K, reserved 1146880K
  class space    used 14569K, committed 14912K, reserved 1048576K
}
Event: 54.330 GC heap after
{Heap after GC invocations=53 (full 0):
 garbage-first heap   total 338944K, used 133092K [0x0000000080000000, 0x0000000100000000)
  region size 1024K, 4 young (4096K), 4 survivors (4096K)
 Metaspace       used 108468K, committed 109120K, reserved 1146880K
  class space    used 14569K, committed 14912K, reserved 1048576K
}
Event: 64.453 GC heap before
{Heap before GC invocations=53 (full 0):
 garbage-first heap   total 338944K, used 230372K [0x0000000080000000, 0x0000000100000000)
  region size 1024K, 100 young (102400K), 4 survivors (4096K)
 Metaspace       used 109681K, committed 110400K, reserved 1146880K
  class space    used 14709K, committed 15104K, reserved 1048576K
}
Event: 64.471 GC heap after
{Heap after GC invocations=54 (full 0):
 garbage-first heap   total 338944K, used 140445K [0x0000000080000000, 0x0000000100000000)
  region size 1024K, 11 young (11264K), 11 survivors (11264K)
 Metaspace       used 109681K, committed 110400K, reserved 1146880K
  class space    used 14709K, committed 15104K, reserved 1048576K
}
Event: 1897.072 GC heap before
{Heap before GC invocations=54 (full 0):
 garbage-first heap   total 338944K, used 247965K [0x0000000080000000, 0x0000000100000000)
  region size 1024K, 117 young (119808K), 11 survivors (11264K)
 Metaspace       used 115713K, committed 116544K, reserved 1155072K
  class space    used 15538K, committed 15936K, reserved 1048576K
}
Event: 1897.362 GC heap after
{Heap after GC invocations=55 (full 0):
 garbage-first heap   total 338944K, used 143206K [0x0000000080000000, 0x0000000100000000)
  region size 1024K, 11 young (11264K), 11 survivors (11264K)
 Metaspace       used 115713K, committed 116544K, reserved 1155072K
  class space    used 15538K, committed 15936K, reserved 1048576K
}
Event: 4200.233 GC heap before
{Heap before GC invocations=55 (full 0):
 garbage-first heap   total 338944K, used 256870K [0x0000000080000000, 0x0000000100000000)
  region size 1024K, 123 young (125952K), 11 survivors (11264K)
 Metaspace       used 116464K, committed 117376K, reserved 1155072K
  class space    used 15566K, committed 16000K, reserved 1048576K
}
Event: 4200.311 GC heap after
{Heap after GC invocations=56 (full 0):
 garbage-first heap   total 338944K, used 151602K [0x0000000080000000, 0x0000000100000000)
  region size 1024K, 14 young (14336K), 14 survivors (14336K)
 Metaspace       used 116464K, committed 117376K, reserved 1155072K
  class space    used 15566K, committed 16000K, reserved 1048576K
}
Event: 4210.134 GC heap before
{Heap before GC invocations=56 (full 0):
 garbage-first heap   total 338944K, used 285746K [0x0000000080000000, 0x0000000100000000)
  region size 1024K, 127 young (130048K), 14 survivors (14336K)
 Metaspace       used 116735K, committed 117632K, reserved 1155072K
  class space    used 15568K, committed 16000K, reserved 1048576K
}
Event: 4210.184 GC heap after
{Heap after GC invocations=57 (full 0):
 garbage-first heap   total 338944K, used 156884K [0x0000000080000000, 0x0000000100000000)
  region size 1024K, 6 young (6144K), 6 survivors (6144K)
 Metaspace       used 116735K, committed 117632K, reserved 1155072K
  class space    used 15568K, committed 16000K, reserved 1048576K
}
Event: 4212.653 GC heap before
{Heap before GC invocations=57 (full 0):
 garbage-first heap   total 338944K, used 160980K [0x0000000080000000, 0x0000000100000000)
  region size 1024K, 11 young (11264K), 6 survivors (6144K)
 Metaspace       used 116785K, committed 117696K, reserved 1155072K
  class space    used 15569K, committed 16000K, reserved 1048576K
}
Event: 4213.365 GC heap after
{Heap after GC invocations=58 (full 1):
 garbage-first heap   total 331776K, used 97339K [0x0000000080000000, 0x0000000100000000)
  region size 1024K, 0 young (0K), 0 survivors (0K)
 Metaspace       used 116107K, committed 117696K, reserved 1155072K
  class space    used 15425K, committed 16000K, reserved 1048576K
}
Event: 4299.855 GC heap before
{Heap before GC invocations=58 (full 1):
 garbage-first heap   total 331776K, used 266299K [0x0000000080000000, 0x0000000100000000)
  region size 1024K, 163 young (166912K), 0 survivors (0K)
 Metaspace       used 133076K, committed 133824K, reserved 1171456K
  class space    used 17951K, committed 18304K, reserved 1048576K
}
Event: 4299.949 GC heap after
{Heap after GC invocations=59 (full 1):
 garbage-first heap   total 331776K, used 101966K [0x0000000080000000, 0x0000000100000000)
  region size 1024K, 5 young (5120K), 5 survivors (5120K)
 Metaspace       used 133076K, committed 133824K, reserved 1171456K
  class space    used 17951K, committed 18304K, reserved 1048576K
}

