# JRE version: OpenJDK Runtime Environment (17.0.6) (build 17.0.6+0-b2043.56-10027231)
# Java VM: OpenJDK 64-Bit Server VM (17.0.6+0-b2043.56-10027231, mixed mode, tiered, compressed oops, compressed class ptrs, g1 gc, windows-amd64)
GC Precious Log:
 CPUs: 8 total, 8 available
 Memory: 6091M
 Large Page Support: Disabled
 NUMA Support: Disabled
 Compressed Oops: Enabled (32-bit)
 Heap Region Size: 1M
 Heap Min Capacity: 8M
 Heap Initial Capacity: 96M
 Heap Max Capacity: 2G
 Pre-touch: Disabled
 Parallel Workers: 8
 Concurrent Workers: 2
 Concurrent Refinement Workers: 8
 Periodic GC: Disabled
Heap:
 garbage-first heap   total 173056K, used 94743K [0x0000000080000000, 0x0000000100000000)
  region size 1024K, 3 young (3072K), 3 survivors (3072K)
 Metaspace       used 103759K, committed 104576K, reserved 1146880K
  class space    used 14081K, committed 14464K, reserved 1048576K
GC Heap History (20 events):
Event: 17.435 GC heap before
{Heap before GC invocations=42 (full 0):
 garbage-first heap   total 126976K, used 102949K [0x0000000080000000, 0x0000000100000000)
  region size 1024K, 34 young (34816K), 3 survivors (3072K)
 Metaspace       used 87054K, committed 87744K, reserved 1130496K
  class space    used 11766K, committed 12096K, reserved 1048576K
}
Event: 17.440 GC heap after
{Heap after GC invocations=43 (full 0):
 garbage-first heap   total 126976K, used 71383K [0x0000000080000000, 0x0000000100000000)
  region size 1024K, 4 young (4096K), 4 survivors (4096K)
 Metaspace       used 87054K, committed 87744K, reserved 1130496K
  class space    used 11766K, committed 12096K, reserved 1048576K
}
Event: 18.131 GC heap before
{Heap before GC invocations=43 (full 0):
 garbage-first heap   total 126976K, used 103127K [0x0000000080000000, 0x0000000100000000)
  region size 1024K, 35 young (35840K), 4 survivors (4096K)
 Metaspace       used 90278K, committed 90944K, reserved 1130496K
  class space    used 12227K, committed 12544K, reserved 1048576K
}
Event: 18.137 GC heap after
{Heap after GC invocations=44 (full 0):
 garbage-first heap   total 126976K, used 74222K [0x0000000080000000, 0x0000000100000000)
  region size 1024K, 5 young (5120K), 5 survivors (5120K)
 Metaspace       used 90278K, committed 90944K, reserved 1130496K
  class space    used 12227K, committed 12544K, reserved 1048576K
}
Event: 18.667 GC heap before
{Heap before GC invocations=45 (full 0):
 garbage-first heap   total 130048K, used 103918K [0x0000000080000000, 0x0000000100000000)
  region size 1024K, 34 young (34816K), 5 survivors (5120K)
 Metaspace       used 93323K, committed 94016K, reserved 1130496K
  class space    used 12675K, committed 12992K, reserved 1048576K
}
Event: 18.675 GC heap after
{Heap after GC invocations=46 (full 0):
 garbage-first heap   total 130048K, used 76140K [0x0000000080000000, 0x0000000100000000)
  region size 1024K, 2 young (2048K), 2 survivors (2048K)
 Metaspace       used 93323K, committed 94016K, reserved 1130496K
  class space    used 12675K, committed 12992K, reserved 1048576K
}
Event: 18.764 GC heap before
{Heap before GC invocations=46 (full 0):
 garbage-first heap   total 130048K, used 80236K [0x0000000080000000, 0x0000000100000000)
  region size 1024K, 6 young (6144K), 2 survivors (2048K)
 Metaspace       used 93816K, committed 94400K, reserved 1130496K
  class space    used 12785K, committed 13056K, reserved 1048576K
}
Event: 18.769 GC heap after
{Heap after GC invocations=47 (full 0):
 garbage-first heap   total 130048K, used 76263K [0x0000000080000000, 0x0000000100000000)
  region size 1024K, 1 young (1024K), 1 survivors (1024K)
 Metaspace       used 93816K, committed 94400K, reserved 1130496K
  class space    used 12785K, committed 13056K, reserved 1048576K
}
Event: 19.410 GC heap before
{Heap before GC invocations=47 (full 0):
 garbage-first heap   total 130048K, used 108007K [0x0000000080000000, 0x0000000100000000)
  region size 1024K, 32 young (32768K), 1 survivors (1024K)
 Metaspace       used 97348K, committed 98048K, reserved 1138688K
  class space    used 13235K, committed 13568K, reserved 1048576K
}
Event: 19.415 GC heap after
{Heap after GC invocations=48 (full 0):
 garbage-first heap   total 161792K, used 79153K [0x0000000080000000, 0x0000000100000000)
  region size 1024K, 4 young (4096K), 4 survivors (4096K)
 Metaspace       used 97348K, committed 98048K, reserved 1138688K
  class space    used 13235K, committed 13568K, reserved 1048576K
}
Event: 19.980 GC heap before
{Heap before GC invocations=49 (full 0):
 garbage-first heap   total 161792K, used 130353K [0x0000000080000000, 0x0000000100000000)
  region size 1024K, 54 young (55296K), 4 survivors (4096K)
 Metaspace       used 98529K, committed 99200K, reserved 1138688K
  class space    used 13389K, committed 13696K, reserved 1048576K
}
Event: 19.989 GC heap after
{Heap after GC invocations=50 (full 0):
 garbage-first heap   total 161792K, used 86246K [0x0000000080000000, 0x0000000100000000)
  region size 1024K, 7 young (7168K), 7 survivors (7168K)
 Metaspace       used 98529K, committed 99200K, reserved 1138688K
  class space    used 13389K, committed 13696K, reserved 1048576K
}
Event: 19.996 GC heap before
{Heap before GC invocations=50 (full 0):
 garbage-first heap   total 161792K, used 87270K [0x0000000080000000, 0x0000000100000000)
  region size 1024K, 8 young (8192K), 7 survivors (7168K)
 Metaspace       used 98529K, committed 99200K, reserved 1138688K
  class space    used 13389K, committed 13696K, reserved 1048576K
}
Event: 20.003 GC heap after
{Heap after GC invocations=51 (full 0):
 garbage-first heap   total 161792K, used 87105K [0x0000000080000000, 0x0000000100000000)
  region size 1024K, 1 young (1024K), 1 survivors (1024K)
 Metaspace       used 98529K, committed 99200K, reserved 1138688K
  class space    used 13389K, committed 13696K, reserved 1048576K
}
Event: 20.809 GC heap before
{Heap before GC invocations=51 (full 0):
 garbage-first heap   total 161792K, used 130113K [0x0000000080000000, 0x0000000100000000)
  region size 1024K, 43 young (44032K), 1 survivors (1024K)
 Metaspace       used 102288K, committed 102976K, reserved 1138688K
  class space    used 13905K, committed 14208K, reserved 1048576K
}
Event: 20.815 GC heap after
{Heap after GC invocations=52 (full 0):
 garbage-first heap   total 161792K, used 90295K [0x0000000080000000, 0x0000000100000000)
  region size 1024K, 5 young (5120K), 5 survivors (5120K)
 Metaspace       used 102288K, committed 102976K, reserved 1138688K
  class space    used 13905K, committed 14208K, reserved 1048576K
}
Event: 21.233 GC heap before
{Heap before GC invocations=53 (full 0):
 garbage-first heap   total 173056K, used 129207K [0x0000000080000000, 0x0000000100000000)
  region size 1024K, 44 young (45056K), 5 survivors (5120K)
 Metaspace       used 102759K, committed 103488K, reserved 1138688K
  class space    used 13985K, committed 14336K, reserved 1048576K
}
Event: 21.240 GC heap after
{Heap after GC invocations=54 (full 0):
 garbage-first heap   total 173056K, used 92835K [0x0000000080000000, 0x0000000100000000)
  region size 1024K, 3 young (3072K), 3 survivors (3072K)
 Metaspace       used 102759K, committed 103488K, reserved 1138688K
  class space    used 13985K, committed 14336K, reserved 1048576K
}
Event: 21.328 GC heap before
{Heap before GC invocations=54 (full 0):
 garbage-first heap   total 173056K, used 96931K [0x0000000080000000, 0x0000000100000000)
  region size 1024K, 8 young (8192K), 3 survivors (3072K)
 Metaspace       used 102803K, committed 103488K, reserved 1138688K
  class space    used 13985K, committed 14336K, reserved 1048576K
}
Event: 21.332 GC heap after
{Heap after GC invocations=55 (full 0):
 garbage-first heap   total 173056K, used 92785K [0x0000000080000000, 0x0000000100000000)
  region size 1024K, 1 young (1024K), 1 survivors (1024K)
 Metaspace       used 102803K, committed 103488K, reserved 1138688K
  class space    used 13985K, committed 14336K, reserved 1048576K
}

